#
# There is insufficient memory for the Java Runtime Environment to continue.
# Native memory allocation (malloc) failed to allocate 1048576 bytes for AllocateHeap
# Possible reasons:
#   The system is out of physical RAM or swap space
#   The process is running with CompressedOops enabled, and the Java Heap may be blocking the growth of the native heap
# Possible solutions:
#   Reduce memory load on the system
#   Increase physical memory or swap space
#   Check if swap backing store is full
#   Decrease Java heap size (-Xmx/-Xms)
#   Decrease number of Java threads
#   Decrease Java thread stack sizes (-Xss)
#   Set larger code cache with -XX:ReservedCodeCacheSize=
#   JVM is running with Zero Based Compressed Oops mode in which the Java heap is
#     placed in the first 32GB address space. The Java Heap base address is the
#     maximum limit for the native heap growth. Please use -XX:HeapBaseMinAddress
#     to set the Java Heap base and to place the Java Heap above 32GB virtual address.
# This output file may be truncated or incomplete.
#
#  Out of Memory Error (allocation.cpp:44), pid=16348, tid=3984
#
# JRE version: OpenJDK Runtime Environment Temurin-17.0.4.1+1 (17.0.4.1+1) (build 17.0.4.1+1)
# Java VM: OpenJDK 64-Bit Server VM Temurin-17.0.4.1+1 (17.0.4.1+1, mixed mode, emulated-client, tiered, compressed oops, compressed class ptrs, g1 gc, windows-amd64)
# No core dump will be written. Minidumps are not enabled by default on client versions of Windows
#

---------------  S U M M A R Y ------------

Command Line: -Dcom.sun.management.jmxremote -Dcom.sun.management.jmxremote.port=63885 -Dcom.sun.management.jmxremote.authenticate=false -Dcom.sun.management.jmxremote.ssl=false -Djava.rmi.server.hostname=localhost -Dspring.jmx.enabled=true -Dspring.application.admin.enabled=true -XX:TieredStopAtLevel=1 -Dspring.boot.project.name=dscatalog-backend -Dfile.encoding=UTF-8 -XX:+ShowCodeDetailsInExceptionMessages com.jptech.dscatalogbackend.DscatalogBackendApplication --spring.output.ansi.enabled=always

Host: Intel(R) Core(TM) i3-8130U CPU @ 2.20GHz, 4 cores, 11G,  Windows 11 , 64 bit Build 22621 (10.0.22621.3374)
Time: Sat May  4 15:22:58 2024 Hora oficial do Brasil elapsed time: 1449.443900 seconds (0d 0h 24m 9s)

---------------  T H R E A D  ---------------

Current thread (0x000001a8fc5edf60):  VMThread "VM Thread" [stack: 0x0000008d2c800000,0x0000008d2c900000] [id=3984]

Stack: [0x0000008d2c800000,0x0000008d2c900000]
Native frames: (J=compiled Java code, j=interpreted, Vv=VM code, C=native code)
V  [jvm.dll+0x67731a]
V  [jvm.dll+0x832284]
V  [jvm.dll+0x833a2e]
V  [jvm.dll+0x834093]
V  [jvm.dll+0x245775]
V  [jvm.dll+0xa6393]
V  [jvm.dll+0x2f5933]
V  [jvm.dll+0x2f1640]
V  [jvm.dll+0x2d9d27]
V  [jvm.dll+0x31ce37]
V  [jvm.dll+0x83853b]
V  [jvm.dll+0x839274]
V  [jvm.dll+0x83978c]
V  [jvm.dll+0x839b64]
V  [jvm.dll+0x839c30]
V  [jvm.dll+0x7e240a]
V  [jvm.dll+0x6761a5]
C  [ucrtbase.dll+0x29333]
C  [KERNEL32.DLL+0x1257d]
C  [ntdll.dll+0x5aa48]

VM_Operation (0x0000008d2dfff390): G1CollectFull, mode: safepoint, requested by thread 0x000001a881f296c0


---------------  P R O C E S S  ---------------

Threads class SMR info:
_java_thread_list=0x000001a88240d150, length=23, elements={
0x000001a8fc62ef20, 0x000001a8fc62fca0, 0x000001a8fd0433b0, 0x000001a8fd043c70,
0x000001a8fd044530, 0x000001a8fd045e00, 0x000001a8fd049c70, 0x000001a8fd065150,
0x000001a8fd162fa0, 0x000001a8fd201c30, 0x000001a8fd80ca30, 0x000001a8fd7f6f60,
0x000001a8fd9124e0, 0x000001a8fea04080, 0x000001a8fea65630, 0x000001a881f2c210,
0x000001a881f2e890, 0x000001a881f28850, 0x000001a8fd886860, 0x000001a8fd88a220,
0x000001a881f2aed0, 0x000001a881f27eb0, 0x000001a881f296c0
}

Java Threads: ( => current thread )
  0x000001a8fc62ef20 JavaThread "Reference Handler" daemon [_thread_blocked, id=14668, stack(0x0000008d2c900000,0x0000008d2ca00000)]
  0x000001a8fc62fca0 JavaThread "Finalizer" daemon [_thread_blocked, id=1428, stack(0x0000008d2ca00000,0x0000008d2cb00000)]
  0x000001a8fd0433b0 JavaThread "Signal Dispatcher" daemon [_thread_blocked, id=10232, stack(0x0000008d2cb00000,0x0000008d2cc00000)]
  0x000001a8fd043c70 JavaThread "Attach Listener" daemon [_thread_blocked, id=18800, stack(0x0000008d2cc00000,0x0000008d2cd00000)]
  0x000001a8fd044530 JavaThread "Service Thread" daemon [_thread_blocked, id=12500, stack(0x0000008d2cd00000,0x0000008d2ce00000)]
  0x000001a8fd045e00 JavaThread "Monitor Deflation Thread" daemon [_thread_blocked, id=12932, stack(0x0000008d2ce00000,0x0000008d2cf00000)]
  0x000001a8fd049c70 JavaThread "C1 CompilerThread0" daemon [_thread_blocked, id=18880, stack(0x0000008d2cf00000,0x0000008d2d000000)]
  0x000001a8fd065150 JavaThread "Sweeper thread" daemon [_thread_blocked, id=11360, stack(0x0000008d2d000000,0x0000008d2d100000)]
  0x000001a8fd162fa0 JavaThread "Common-Cleaner" daemon [_thread_blocked, id=15540, stack(0x0000008d2d100000,0x0000008d2d200000)]
  0x000001a8fd201c30 JavaThread "Notification Thread" daemon [_thread_blocked, id=17292, stack(0x0000008d2d200000,0x0000008d2d300000)]
  0x000001a8fd80ca30 JavaThread "RMI TCP Accept-0" daemon [_thread_in_native, id=3692, stack(0x0000008d2d500000,0x0000008d2d600000)]
  0x000001a8fd7f6f60 JavaThread "RMI TCP Accept-63885" daemon [_thread_in_native, id=6916, stack(0x0000008d2d600000,0x0000008d2d700000)]
  0x000001a8fd9124e0 JavaThread "RMI TCP Accept-0" daemon [_thread_in_native, id=10716, stack(0x0000008d2db00000,0x0000008d2dc00000)]
  0x000001a8fea04080 JavaThread "RMI Scheduler(0)" daemon [_thread_blocked, id=712, stack(0x0000008d2de00000,0x0000008d2df00000)]
  0x000001a8fea65630 JavaThread "JMX server connection timeout 21" daemon [_thread_blocked, id=17564, stack(0x0000008d2e000000,0x0000008d2e100000)]
  0x000001a881f2c210 JavaThread "Live Reload Server" daemon [_thread_in_native, id=18756, stack(0x0000008d2ec00000,0x0000008d2ed00000)]
  0x000001a881f2e890 JavaThread "DestroyJavaVM" [_thread_blocked, id=12400, stack(0x0000008d2c200000,0x0000008d2c300000)]
  0x000001a881f28850 JavaThread "RMI TCP Connection(idle)" daemon [_thread_blocked, id=11508, stack(0x0000008d2f500000,0x0000008d2f600000)]
  0x000001a8fd886860 JavaThread "Catalina-utility-1" [_thread_blocked, id=12044, stack(0x0000008d2c000000,0x0000008d2c100000)]
  0x000001a8fd88a220 JavaThread "Catalina-utility-2" [_thread_blocked, id=12196, stack(0x0000008d2d300000,0x0000008d2d400000)]
  0x000001a881f2aed0 JavaThread "RMI TCP Connection(idle)" daemon [_thread_blocked, id=10292, stack(0x0000008d2f400000,0x0000008d2f500000)]
  0x000001a881f27eb0 JavaThread "RMI TCP Connection(56)-127.0.0.1" daemon [_thread_in_native, id=6188, stack(0x0000008d2f600000,0x0000008d2f700000)]
  0x000001a881f296c0 JavaThread "Thread-63" [_thread_blocked, id=14816, stack(0x0000008d2df00000,0x0000008d2e000000)]

Other Threads:
=>0x000001a8fc5edf60 VMThread "VM Thread" [stack: 0x0000008d2c800000,0x0000008d2c900000] [id=3984]
  0x000001a8eab759f0 WatcherThread [stack: 0x0000008d2dc00000,0x0000008d2dd00000] [id=11852]
  0x000001a8eabccfd0 GCTaskThread "GC Thread#0" [stack: 0x0000008d2c300000,0x0000008d2c400000] [id=19180]
  0x000001a8fd8a8fd0 GCTaskThread "GC Thread#1" [stack: 0x0000008d2d700000,0x0000008d2d800000] [id=11616]
  0x000001a8fd8a9280 GCTaskThread "GC Thread#2" [stack: 0x0000008d2d800000,0x0000008d2d900000] [id=10296]
  0x000001a8fd806a90 GCTaskThread "GC Thread#3" [stack: 0x0000008d2d900000,0x0000008d2da00000] [id=15664]
  0x000001a8eabdacb0 ConcurrentGCThread "G1 Main Marker" [stack: 0x0000008d2c400000,0x0000008d2c500000] [id=9652]
  0x000001a8eabdbd70 ConcurrentGCThread "G1 Conc#0" [stack: 0x0000008d2c500000,0x0000008d2c600000] [id=13620]
  0x000001a8fc4b24c0 ConcurrentGCThread "G1 Refine#0" [stack: 0x0000008d2c600000,0x0000008d2c700000] [id=3092]
  0x000001a8fd8eb710 ConcurrentGCThread "G1 Refine#1" [stack: 0x0000008d2da00000,0x0000008d2db00000] [id=16276]
  0x000001a8fc4b2df0 ConcurrentGCThread "G1 Service" [stack: 0x0000008d2c700000,0x0000008d2c800000] [id=6772]

Threads with active compile tasks:

VM state: at safepoint (normal execution)

VM Mutex/Monitor currently owned by a thread:  ([mutex/lock_event])
[0x000001a8eab724d0] Threads_lock - owner thread: 0x000001a8fc5edf60
[0x000001a8eab71990] Heap_lock - owner thread: 0x000001a881f296c0

Heap address: 0x0000000741800000, size: 3048 MB, Compressed Oops mode: Zero based, Oop shift amount: 3

CDS archive(s) not mapped
Compressed class space mapped at: 0x0000000800000000-0x0000000840000000, reserved size: 1073741824
Narrow klass base: 0x0000000800000000, Narrow klass shift: 0, Narrow klass range: 0x40000000

GC Precious Log:
 CPUs: 4 total, 4 available
 Memory: 12188M
 Large Page Support: Disabled
 NUMA Support: Disabled
 Compressed Oops: Enabled (Zero based)
 Heap Region Size: 2M
 Heap Min Capacity: 8M
 Heap Initial Capacity: 192M
 Heap Max Capacity: 3048M
 Pre-touch: Disabled
 Parallel Workers: 4
 Concurrent Workers: 1
 Concurrent Refinement Workers: 4
 Periodic GC: Disabled

Heap:
 garbage-first heap   total 83968K, used 36309K [0x0000000741800000, 0x0000000800000000)
  region size 2048K, 7 young (14336K), 3 survivors (6144K)
 Metaspace       used 73352K, committed 74112K, reserved 1114112K
  class space    used 10000K, committed 10368K, reserved 1048576K

Heap Regions: E=young(eden), S=young(survivor), O=old, HS=humongous(starts), HC=humongous(continues), CS=collection set, F=free, OA=open archive, CA=closed archive, TAMS=top-at-mark-start (previous, next)
|   0|0x0000000741800000, 0x0000000741a00000, 0x0000000741a00000|100%| O|  |TAMS 0x0000000741a00000, 0x0000000741800000| Untracked 
|   1|0x0000000741a00000, 0x0000000741c00000, 0x0000000741c00000|100%| O|  |TAMS 0x0000000741c00000, 0x0000000741a00000| Untracked 
|   2|0x0000000741c00000, 0x0000000741dffff8, 0x0000000741e00000| 99%| O|  |TAMS 0x0000000741dffff8, 0x0000000741c00000| Untracked 
|   3|0x0000000741e00000, 0x0000000741fffff8, 0x0000000742000000| 99%| O|  |TAMS 0x0000000741fffff8, 0x0000000741e00000| Untracked 
|   4|0x0000000742000000, 0x0000000742200000, 0x0000000742200000|100%| O|  |TAMS 0x0000000742200000, 0x0000000742000000| Untracked 
|   5|0x0000000742200000, 0x00000007423fffb0, 0x0000000742400000| 99%| O|  |TAMS 0x00000007423fffb0, 0x0000000742200000| Untracked 
|   6|0x0000000742400000, 0x00000007425fff30, 0x0000000742600000| 99%| O|  |TAMS 0x00000007425fff30, 0x0000000742400000| Untracked 
|   7|0x0000000742600000, 0x00000007427fa2f8, 0x0000000742800000| 98%| O|  |TAMS 0x00000007427fa2f8, 0x0000000742600000| Untracked 
|   8|0x0000000742800000, 0x00000007429fffe8, 0x0000000742a00000| 99%| O|  |TAMS 0x0000000742800000, 0x0000000742800000| Untracked 
|   9|0x0000000742a00000, 0x0000000742bffff8, 0x0000000742c00000| 99%| O|  |TAMS 0x0000000742bffff8, 0x0000000742a00000| Untracked 
|  10|0x0000000742c00000, 0x0000000742ddc118, 0x0000000742e00000| 92%| O|  |TAMS 0x0000000742c00000, 0x0000000742c00000| Untracked 
|  11|0x0000000742e00000, 0x0000000742f87110, 0x0000000743000000| 76%| O|  |TAMS 0x0000000742e00000, 0x0000000742e00000| Untracked 
|  12|0x0000000743000000, 0x0000000743000000, 0x0000000743200000|  0%| F|  |TAMS 0x0000000743000000, 0x0000000743000000| Untracked 
|  13|0x0000000743200000, 0x0000000743200000, 0x0000000743400000|  0%| F|  |TAMS 0x0000000743200000, 0x0000000743200000| Untracked 
|  14|0x0000000743400000, 0x0000000743400000, 0x0000000743600000|  0%| F|  |TAMS 0x0000000743400000, 0x0000000743400000| Untracked 
|  15|0x0000000743600000, 0x0000000743600000, 0x0000000743800000|  0%| F|  |TAMS 0x0000000743600000, 0x0000000743600000| Untracked 
|  16|0x0000000743800000, 0x0000000743800000, 0x0000000743a00000|  0%| F|  |TAMS 0x0000000743800000, 0x0000000743800000| Untracked 
|  17|0x0000000743a00000, 0x0000000743a00000, 0x0000000743c00000|  0%| F|  |TAMS 0x0000000743a00000, 0x0000000743a00000| Untracked 
|  18|0x0000000743c00000, 0x0000000743d74600, 0x0000000743e00000| 72%| S|CS|TAMS 0x0000000743c00000, 0x0000000743c00000| Complete 
|  19|0x0000000743e00000, 0x0000000743e00000, 0x0000000744000000|  0%| F|  |TAMS 0x0000000743e00000, 0x0000000743e00000| Untracked 
|  20|0x0000000744000000, 0x0000000744000000, 0x0000000744200000|  0%| F|  |TAMS 0x0000000744000000, 0x0000000744000000| Untracked 
|  21|0x0000000744200000, 0x0000000744400000, 0x0000000744400000|100%| S|CS|TAMS 0x0000000744200000, 0x0000000744200000| Complete 
|  22|0x0000000744400000, 0x00000007444a3d70, 0x0000000744600000| 31%| O|  |TAMS 0x0000000744400000, 0x0000000744400000| Untracked 
|  23|0x0000000744600000, 0x0000000744800000, 0x0000000744800000|100%| S|CS|TAMS 0x0000000744600000, 0x0000000744600000| Complete 
|  24|0x0000000744800000, 0x0000000744800000, 0x0000000744a00000|  0%| F|  |TAMS 0x0000000744800000, 0x0000000744800000| Untracked 
|  25|0x0000000744a00000, 0x0000000744a00000, 0x0000000744c00000|  0%| F|  |TAMS 0x0000000744a00000, 0x0000000744a00000| Untracked 
|  26|0x0000000744c00000, 0x0000000744c00000, 0x0000000744e00000|  0%| F|  |TAMS 0x0000000744c00000, 0x0000000744c00000| Untracked 
|  27|0x0000000744e00000, 0x0000000744e00000, 0x0000000745000000|  0%| F|  |TAMS 0x0000000744e00000, 0x0000000744e00000| Untracked 
|  28|0x0000000745000000, 0x0000000745000000, 0x0000000745200000|  0%| F|  |TAMS 0x0000000745000000, 0x0000000745000000| Untracked 
|  29|0x0000000745200000, 0x0000000745200000, 0x0000000745400000|  0%| F|  |TAMS 0x0000000745200000, 0x0000000745200000| Untracked 
|  30|0x0000000745400000, 0x0000000745400000, 0x0000000745600000|  0%| F|  |TAMS 0x0000000745400000, 0x0000000745400000| Untracked 
|  31|0x0000000745600000, 0x0000000745600000, 0x0000000745800000|  0%| F|  |TAMS 0x0000000745600000, 0x0000000745600000| Untracked 
|  32|0x0000000745800000, 0x0000000745800000, 0x0000000745a00000|  0%| F|  |TAMS 0x0000000745800000, 0x0000000745800000| Untracked 
|  33|0x0000000745a00000, 0x0000000745a00000, 0x0000000745c00000|  0%| F|  |TAMS 0x0000000745a00000, 0x0000000745a00000| Untracked 
|  34|0x0000000745c00000, 0x0000000745c00000, 0x0000000745e00000|  0%| F|  |TAMS 0x0000000745c00000, 0x0000000745c00000| Untracked 
|  35|0x0000000745e00000, 0x0000000745e00000, 0x0000000746000000|  0%| F|  |TAMS 0x0000000745e00000, 0x0000000745e00000| Untracked 
|  36|0x0000000746000000, 0x0000000746000000, 0x0000000746200000|  0%| F|  |TAMS 0x0000000746000000, 0x0000000746000000| Untracked 
|  37|0x0000000746200000, 0x00000007463edd70, 0x0000000746400000| 96%| E|  |TAMS 0x0000000746200000, 0x0000000746200000| Complete 
|  38|0x0000000746400000, 0x0000000746600000, 0x0000000746600000|100%| E|CS|TAMS 0x0000000746400000, 0x0000000746400000| Complete 
|  39|0x0000000746600000, 0x0000000746800000, 0x0000000746800000|100%| E|CS|TAMS 0x0000000746600000, 0x0000000746600000| Complete 
|  95|0x000000074d600000, 0x000000074d800000, 0x000000074d800000|100%| E|CS|TAMS 0x000000074d600000, 0x000000074d600000| Complete 

Card table byte_map: [0x000001a8f34d0000,0x000001a8f3ad0000] _byte_map_base: 0x000001a8efac4000

Marking Bits (Prev, Next): (CMBitMap*) 0x000001a8eabce500, (CMBitMap*) 0x000001a8eabce540
 Prev Bits: [0x000001a8f40d0000, 0x000001a8f7070000)
 Next Bits: [0x000001a8f7070000, 0x000001a8fa010000)

Polling page: 0x000001a8eac30000

Metaspace:

Usage:
  Non-class:     61.87 MB used.
      Class:      9.77 MB used.
       Both:     71.63 MB used.

Virtual space:
  Non-class space:       64.00 MB reserved,      62.25 MB ( 97%) committed,  8 nodes.
      Class space:        1.00 GB reserved,      10.12 MB ( <1%) committed,  1 nodes.
             Both:        1.06 GB reserved,      72.38 MB (  7%) committed. 

Chunk freelists:
   Non-Class:  1.52 MB
       Class:  1.90 MB
        Both:  3.43 MB

MaxMetaspaceSize: unlimited
CompressedClassSpaceSize: 1.00 GB
Initial GC threshold: 21.00 MB
Current GC threshold: 120.25 MB
CDS: off
MetaspaceReclaimPolicy: balanced
 - commit_granule_bytes: 65536.
 - commit_granule_words: 8192.
 - virtual_space_node_default_size: 1048576.
 - enlarge_chunks_in_place: 1.
 - new_chunks_are_fully_committed: 0.
 - uncommit_free_chunks: 1.
 - use_allocation_guard: 0.
 - handle_deallocations: 1.


Internal statistics:

num_allocs_failed_limit: 12.
num_arena_births: 1112.
num_arena_deaths: 310.
num_vsnodes_births: 9.
num_vsnodes_deaths: 0.
num_space_committed: 1158.
num_space_uncommitted: 0.
num_chunks_returned_to_freelist: 365.
num_chunks_taken_from_freelist: 3739.
num_chunk_merges: 112.
num_chunk_splits: 2437.
num_chunks_enlarged: 1755.
num_purges: 24.
num_inconsistent_stats: 0.

CodeCache: size=49152Kb used=18188Kb max_used=18737Kb free=30964Kb
 bounds [0x000001a8efa30000, 0x000001a8f0c80000, 0x000001a8f2a30000]
 total_blobs=11139 nmethods=10491 adapters=574
 compilation: enabled
              stopped_count=0, restarted_count=0
 full_count=0

Compilation events (20 events):
Event: 1449.324 Thread 0x000001a8fd049c70 10482       1       com.sun.jmx.interceptor.DefaultMBeanServerInterceptor::nonDefaultDomain (32 bytes)
Event: 1449.325 Thread 0x000001a8fd049c70 nmethod 10482 0x000001a8f0bbe890 code [0x000001a8f0bbea60, 0x000001a8f0bbed78]
Event: 1449.351 Thread 0x000001a8fd049c70 10483       1       org.hibernate.boot.registry.classloading.internal.AggregatedServiceLoader$ClassPathAndModulePathAggregatedServiceLoader::close (6 bytes)
Event: 1449.351 Thread 0x000001a8fd049c70 nmethod 10483 0x000001a8f0bbe590 code [0x000001a8f0bbe720, 0x000001a8f0bbe818]
Event: 1449.405 Thread 0x000001a8fd049c70 10484       1       sun.nio.ch.SocketDispatcher::close (5 bytes)
Event: 1449.405 Thread 0x000001a8fd049c70 nmethod 10484 0x000001a8f0bbe290 code [0x000001a8f0bbe420, 0x000001a8f0bbe508]
Event: 1449.406 Thread 0x000001a8fd049c70 10485       1       sun.nio.ch.SocketDispatcher::invalidateAndClose (46 bytes)
Event: 1449.407 Thread 0x000001a8fd049c70 nmethod 10485 0x000001a8f0bbdd90 code [0x000001a8f0bbdf40, 0x000001a8f0bbe158]
Event: 1449.407 Thread 0x000001a8fd049c70 10486       1       java.io.FileDescriptor$1::set (6 bytes)
Event: 1449.408 Thread 0x000001a8fd049c70 nmethod 10486 0x000001a8f0bbd890 code [0x000001a8f0bbda40, 0x000001a8f0bbdc68]
Event: 1449.409 Thread 0x000001a8fd049c70 10487  s    1       java.io.FileDescriptor::set (30 bytes)
Event: 1449.410 Thread 0x000001a8fd049c70 nmethod 10487 0x000001a8f0bbd410 code [0x000001a8f0bbd5c0, 0x000001a8f0bbd7a8]
Event: 1449.414 Thread 0x000001a8fd049c70 10489       1       java.nio.charset.CharsetEncoder::flush (49 bytes)
Event: 1449.415 Thread 0x000001a8fd049c70 nmethod 10489 0x000001a8f0bbcc10 code [0x000001a8f0bbcdc0, 0x000001a8f0bbcf48]
Event: 1449.416 Thread 0x000001a8fd049c70 10490       1       java.nio.charset.CharsetEncoder::implFlush (4 bytes)
Event: 1449.416 Thread 0x000001a8fd049c70 nmethod 10490 0x000001a8f0bbc910 code [0x000001a8f0bbcaa0, 0x000001a8f0bbcb78]
Event: 1449.438 Thread 0x000001a8fd049c70 10491       1       org.apache.catalina.util.LifecycleMBeanBase::destroyInternal (9 bytes)
Event: 1449.438 Thread 0x000001a8fd049c70 nmethod 10491 0x000001a8f0bbc190 code [0x000001a8f0bbc340, 0x000001a8f0bbc458]
Event: 1449.438 Thread 0x000001a8fd049c70 10492   !   1       java.lang.Thread::interrupt (66 bytes)
Event: 1449.439 Thread 0x000001a8fd049c70 nmethod 10492 0x000001a8f0bbbb10 code [0x000001a8f0bbbce0, 0x000001a8f0bbbff8]

GC Heap History (20 events):
Event: 1246.526 GC heap before
{Heap before GC invocations=47 (full 9):
 garbage-first heap   total 83968K, used 59971K [0x0000000741800000, 0x0000000800000000)
  region size 2048K, 18 young (36864K), 2 survivors (4096K)
 Metaspace       used 72465K, committed 73152K, reserved 1114112K
  class space    used 9925K, committed 10240K, reserved 1048576K
}
Event: 1246.532 GC heap after
{Heap after GC invocations=48 (full 9):
 garbage-first heap   total 83968K, used 29345K [0x0000000741800000, 0x0000000800000000)
  region size 2048K, 3 young (6144K), 3 survivors (6144K)
 Metaspace       used 72465K, committed 73152K, reserved 1114112K
  class space    used 9925K, committed 10240K, reserved 1048576K
}
Event: 1266.645 GC heap before
{Heap before GC invocations=48 (full 9):
 garbage-first heap   total 83968K, used 37537K [0x0000000741800000, 0x0000000800000000)
  region size 2048K, 8 young (16384K), 3 survivors (6144K)
 Metaspace       used 72467K, committed 73152K, reserved 1114112K
  class space    used 9925K, committed 10240K, reserved 1048576K
}
Event: 1266.700 GC heap after
{Heap after GC invocations=49 (full 10):
 garbage-first heap   total 83968K, used 24108K [0x0000000741800000, 0x0000000800000000)
  region size 2048K, 0 young (0K), 0 survivors (0K)
 Metaspace       used 72461K, committed 73152K, reserved 1114112K
  class space    used 9924K, committed 10240K, reserved 1048576K
}
Event: 1267.328 GC heap before
{Heap before GC invocations=49 (full 10):
 garbage-first heap   total 83968K, used 58924K [0x0000000741800000, 0x0000000800000000)
  region size 2048K, 18 young (36864K), 0 survivors (0K)
 Metaspace       used 72509K, committed 73280K, reserved 1114112K
  class space    used 9931K, committed 10304K, reserved 1048576K
}
Event: 1267.332 GC heap after
{Heap after GC invocations=50 (full 10):
 garbage-first heap   total 83968K, used 27314K [0x0000000741800000, 0x0000000800000000)
  region size 2048K, 2 young (4096K), 2 survivors (4096K)
 Metaspace       used 72509K, committed 73280K, reserved 1114112K
  class space    used 9931K, committed 10304K, reserved 1048576K
}
Event: 1267.884 GC heap before
{Heap before GC invocations=50 (full 10):
 garbage-first heap   total 83968K, used 60082K [0x0000000741800000, 0x0000000800000000)
  region size 2048K, 18 young (36864K), 2 survivors (4096K)
 Metaspace       used 72724K, committed 73472K, reserved 1114112K
  class space    used 9946K, committed 10304K, reserved 1048576K
}
Event: 1267.890 GC heap after
{Heap after GC invocations=51 (full 10):
 garbage-first heap   total 83968K, used 29495K [0x0000000741800000, 0x0000000800000000)
  region size 2048K, 3 young (6144K), 3 survivors (6144K)
 Metaspace       used 72724K, committed 73472K, reserved 1114112K
  class space    used 9946K, committed 10304K, reserved 1048576K
}
Event: 1282.772 GC heap before
{Heap before GC invocations=51 (full 10):
 garbage-first heap   total 83968K, used 37687K [0x0000000741800000, 0x0000000800000000)
  region size 2048K, 8 young (16384K), 3 survivors (6144K)
 Metaspace       used 72727K, committed 73472K, reserved 1114112K
  class space    used 9946K, committed 10304K, reserved 1048576K
}
Event: 1282.826 GC heap after
{Heap after GC invocations=52 (full 11):
 garbage-first heap   total 83968K, used 24374K [0x0000000741800000, 0x0000000800000000)
  region size 2048K, 0 young (0K), 0 survivors (0K)
 Metaspace       used 72721K, committed 73472K, reserved 1114112K
  class space    used 9945K, committed 10304K, reserved 1048576K
}
Event: 1283.364 GC heap before
{Heap before GC invocations=52 (full 11):
 garbage-first heap   total 83968K, used 63286K [0x0000000741800000, 0x0000000800000000)
  region size 2048K, 19 young (38912K), 0 survivors (0K)
 Metaspace       used 72780K, committed 73536K, reserved 1114112K
  class space    used 9953K, committed 10304K, reserved 1048576K
}
Event: 1283.368 GC heap after
{Heap after GC invocations=53 (full 11):
 garbage-first heap   total 83968K, used 27577K [0x0000000741800000, 0x0000000800000000)
  region size 2048K, 2 young (4096K), 2 survivors (4096K)
 Metaspace       used 72780K, committed 73536K, reserved 1114112K
  class space    used 9953K, committed 10304K, reserved 1048576K
}
Event: 1284.282 GC heap before
{Heap before GC invocations=53 (full 11):
 garbage-first heap   total 83968K, used 62393K [0x0000000741800000, 0x0000000800000000)
  region size 2048K, 19 young (38912K), 2 survivors (4096K)
 Metaspace       used 73065K, committed 73856K, reserved 1114112K
  class space    used 9978K, committed 10368K, reserved 1048576K
}
Event: 1284.292 GC heap after
{Heap after GC invocations=54 (full 11):
 garbage-first heap   total 83968K, used 29938K [0x0000000741800000, 0x0000000800000000)
  region size 2048K, 3 young (6144K), 3 survivors (6144K)
 Metaspace       used 73065K, committed 73856K, reserved 1114112K
  class space    used 9978K, committed 10368K, reserved 1048576K
}
Event: 1392.818 GC heap before
{Heap before GC invocations=54 (full 11):
 garbage-first heap   total 83968K, used 38130K [0x0000000741800000, 0x0000000800000000)
  region size 2048K, 8 young (16384K), 3 survivors (6144K)
 Metaspace       used 73068K, committed 73856K, reserved 1114112K
  class space    used 9978K, committed 10368K, reserved 1048576K
}
Event: 1392.873 GC heap after
{Heap after GC invocations=55 (full 12):
 garbage-first heap   total 83968K, used 24580K [0x0000000741800000, 0x0000000800000000)
  region size 2048K, 0 young (0K), 0 survivors (0K)
 Metaspace       used 73059K, committed 73856K, reserved 1114112K
  class space    used 9977K, committed 10368K, reserved 1048576K
}
Event: 1393.327 GC heap before
{Heap before GC invocations=55 (full 12):
 garbage-first heap   total 83968K, used 63492K [0x0000000741800000, 0x0000000800000000)
  region size 2048K, 19 young (38912K), 0 survivors (0K)
 Metaspace       used 73108K, committed 73856K, reserved 1114112K
  class space    used 9983K, committed 10368K, reserved 1048576K
}
Event: 1393.330 GC heap after
{Heap after GC invocations=56 (full 12):
 garbage-first heap   total 83968K, used 27592K [0x0000000741800000, 0x0000000800000000)
  region size 2048K, 2 young (4096K), 2 survivors (4096K)
 Metaspace       used 73108K, committed 73856K, reserved 1114112K
  class space    used 9983K, committed 10368K, reserved 1048576K
}
Event: 1393.883 GC heap before
{Heap before GC invocations=56 (full 12):
 garbage-first heap   total 83968K, used 62408K [0x0000000741800000, 0x0000000800000000)
  region size 2048K, 19 young (38912K), 2 survivors (4096K)
 Metaspace       used 73350K, committed 74112K, reserved 1114112K
  class space    used 9999K, committed 10368K, reserved 1048576K
}
Event: 1393.889 GC heap after
{Heap after GC invocations=57 (full 12):
 garbage-first heap   total 83968K, used 30165K [0x0000000741800000, 0x0000000800000000)
  region size 2048K, 3 young (6144K), 3 survivors (6144K)
 Metaspace       used 73350K, committed 74112K, reserved 1114112K
  class space    used 9999K, committed 10368K, reserved 1048576K
}

Deoptimization events (14 events):
Event: 2.105 Thread 0x000001a8fea65160 DEOPT PACKING pc=0x000001a8eff6c979 sp=0x0000008d2e2fcb10
Event: 2.105 Thread 0x000001a8fea65160 DEOPT UNPACKING pc=0x000001a8efa82b43 sp=0x0000008d2e2fbff0 mode 3
Event: 2.336 Thread 0x000001a8fea65160 DEOPT PACKING pc=0x000001a8effc1d55 sp=0x0000008d2e2fd010
Event: 2.336 Thread 0x000001a8fea65160 DEOPT UNPACKING pc=0x000001a8efa82b43 sp=0x0000008d2e2fc4b8 mode 3
Event: 2.387 Thread 0x000001a8fea65160 DEOPT PACKING pc=0x000001a8effa7ea5 sp=0x0000008d2e2fd980
Event: 2.387 Thread 0x000001a8fea65160 DEOPT UNPACKING pc=0x000001a8efa82b43 sp=0x0000008d2e2fcee8 mode 3
Event: 7.430 Thread 0x000001a8fea65160 DEOPT PACKING pc=0x000001a8eff79554 sp=0x0000008d2e2fbe00
Event: 7.430 Thread 0x000001a8fea65160 DEOPT UNPACKING pc=0x000001a8efa82b43 sp=0x0000008d2e2fb358 mode 0
Event: 7.585 Thread 0x000001a8fea65160 DEOPT PACKING pc=0x000001a8effde6d2 sp=0x0000008d2e2fc0b0
Event: 7.585 Thread 0x000001a8fea65160 DEOPT UNPACKING pc=0x000001a8efa82b43 sp=0x0000008d2e2fb5b8 mode 3
Event: 7.614 Thread 0x000001a8fea65160 DEOPT PACKING pc=0x000001a8f01e73f9 sp=0x0000008d2e2fc6d0
Event: 7.614 Thread 0x000001a8fea65160 DEOPT UNPACKING pc=0x000001a8efa82b43 sp=0x0000008d2e2fbbb8 mode 3
Event: 1268.416 Thread 0x000001a881f2bd40 DEOPT PACKING pc=0x000001a8f0a6a371 sp=0x0000008d2e5fe520
Event: 1268.416 Thread 0x000001a881f2bd40 DEOPT UNPACKING pc=0x000001a8efa82b43 sp=0x0000008d2e5fdad0 mode 3

Classes unloaded (20 events):
Event: 496.234 Thread 0x000001a8fc5edf60 Unloading class 0x00000008000c0c00 'java/lang/invoke/LambdaForm$MH+0x00000008000c0c00'
Event: 503.459 Thread 0x000001a8fc5edf60 Unloading class 0x0000000800495800 'jdk/internal/reflect/GeneratedSerializationConstructorAccessor23'
Event: 503.459 Thread 0x000001a8fc5edf60 Unloading class 0x000000080055a000 'org/apache/catalina/loader/JdbcLeakPrevention'
Event: 565.830 Thread 0x000001a8fc5edf60 Unloading class 0x0000000800495800 'jdk/internal/reflect/GeneratedSerializationConstructorAccessor24'
Event: 565.830 Thread 0x000001a8fc5edf60 Unloading class 0x0000000800557800 'org/apache/catalina/loader/JdbcLeakPrevention'
Event: 1160.300 Thread 0x000001a8fc5edf60 Unloading class 0x00000008001a3000 'jdk/internal/reflect/GeneratedSerializationConstructorAccessor25'
Event: 1160.300 Thread 0x000001a8fc5edf60 Unloading class 0x000000080048f000 'org/apache/catalina/loader/JdbcLeakPrevention'
Event: 1232.786 Thread 0x000001a8fc5edf60 Unloading class 0x00000008009dc400 'jdk/internal/reflect/GeneratedSerializationConstructorAccessor26'
Event: 1232.786 Thread 0x000001a8fc5edf60 Unloading class 0x0000000800142800 'org/apache/catalina/loader/JdbcLeakPrevention'
Event: 1239.137 Thread 0x000001a8fc5edf60 Unloading class 0x00000008009e8800 'jdk/internal/reflect/GeneratedSerializationConstructorAccessor27'
Event: 1239.137 Thread 0x000001a8fc5edf60 Unloading class 0x00000008009dd800 'org/apache/catalina/loader/JdbcLeakPrevention'
Event: 1244.173 Thread 0x000001a8fc5edf60 Unloading class 0x00000008009f4000 'jdk/internal/reflect/GeneratedSerializationConstructorAccessor28'
Event: 1244.173 Thread 0x000001a8fc5edf60 Unloading class 0x00000008009e9000 'org/apache/catalina/loader/JdbcLeakPrevention'
Event: 1266.667 Thread 0x000001a8fc5edf60 Unloading class 0x00000008009f8400 'jdk/internal/reflect/GeneratedSerializationConstructorAccessor29'
Event: 1266.668 Thread 0x000001a8fc5edf60 Unloading class 0x00000008009f4800 'org/apache/catalina/loader/JdbcLeakPrevention'
Event: 1282.792 Thread 0x000001a8fc5edf60 Unloading class 0x0000000800a00400 'jdk/internal/reflect/GeneratedSerializationConstructorAccessor30'
Event: 1282.792 Thread 0x000001a8fc5edf60 Unloading class 0x00000008009f8800 'org/apache/catalina/loader/JdbcLeakPrevention'
Event: 1392.838 Thread 0x000001a8fc5edf60 Unloading class 0x0000000800a12c00 'jdk/internal/reflect/GeneratedSerializationConstructorAccessor32'
Event: 1392.838 Thread 0x000001a8fc5edf60 Unloading class 0x0000000800a12800 'jdk/internal/reflect/GeneratedSerializationConstructorAccessor31'
Event: 1392.838 Thread 0x000001a8fc5edf60 Unloading class 0x0000000800a00800 'org/apache/catalina/loader/JdbcLeakPrevention'

Classes redefined (0 events):
No events

Internal exceptions (20 events):
Event: 1284.047 Thread 0x000001a8fea65160 Exception <a 'sun/nio/fs/WindowsException'{0x00000007453a9fc0}> (0x00000007453a9fc0) 
thrown [s\src\hotspot\share\prims\jni.cpp, line 516]
Event: 1392.817 Thread 0x000001a881f2c6e0 Exception <a 'java/lang/InterruptedException'{0x0000000746133058}: sleep interrupted> (0x0000000746133058) 
thrown [s\src\hotspot\share\prims\jvm.cpp, line 3070]
Event: 1392.892 Thread 0x000001a8fd888a10 Exception <a 'sun/nio/fs/WindowsException'{0x000000074d6c2be0}> (0x000000074d6c2be0) 
thrown [s\src\hotspot\share\prims\jni.cpp, line 516]
Event: 1392.921 Thread 0x000001a8fd888a10 Exception <a 'sun/nio/fs/WindowsException'{0x0000000746755f58}> (0x0000000746755f58) 
thrown [s\src\hotspot\share\prims\jni.cpp, line 516]
Event: 1393.180 Thread 0x000001a8fd888a10 Exception <a 'sun/nio/fs/WindowsException'{0x000000074501c968}> (0x000000074501c968) 
thrown [s\src\hotspot\share\prims\jni.cpp, line 516]
Event: 1393.189 Thread 0x000001a8fd888a10 Exception <a 'sun/nio/fs/WindowsException'{0x00000007450bfa78}> (0x00000007450bfa78) 
thrown [s\src\hotspot\share\prims\jni.cpp, line 516]
Event: 1393.239 Thread 0x000001a8fd888a10 Exception <a 'java/lang/NoClassDefFoundError'{0x0000000744c2b3d8}: org/flywaydb/core/Flyway> (0x0000000744c2b3d8) 
thrown [s\src\hotspot\share\oops\constantPool.cpp, line 835]
Event: 1393.239 Thread 0x000001a8fd888a10 Exception <a 'java/lang/NoClassDefFoundError'{0x0000000744c2ba28}: liquibase/integration/spring/SpringLiquibase> (0x0000000744c2ba28) 
thrown [s\src\hotspot\share\oops\constantPool.cpp, line 835]
Event: 1393.244 Thread 0x000001a8fd888a10 Exception <a 'java/lang/NoClassDefFoundError'{0x0000000744c914e8}: org/jooq/DSLContext> (0x0000000744c914e8) 
thrown [s\src\hotspot\share\oops\constantPool.cpp, line 835]
Event: 1393.245 Thread 0x000001a8fd888a10 Exception <a 'java/lang/NoClassDefFoundError'{0x0000000744c9d5e0}: org/springframework/batch/core/repository/JobRepository> (0x0000000744c9d5e0) 
thrown [s\src\hotspot\share\oops\constantPool.cpp, line 835]
Event: 1393.245 Thread 0x000001a8fd888a10 Exception <a 'java/lang/NoClassDefFoundError'{0x0000000744c9dc28}: org/quartz/Scheduler> (0x0000000744c9dc28) 
thrown [s\src\hotspot\share\oops\constantPool.cpp, line 835]
Event: 1393.245 Thread 0x000001a8fd888a10 Exception <a 'java/lang/NoClassDefFoundError'{0x0000000744c9e298}: org/springframework/session/jdbc/JdbcIndexedSessionRepository> (0x0000000744c9e298) 
thrown [s\src\hotspot\share\oops\constantPool.cpp, line 835]
Event: 1393.301 Thread 0x000001a8fd888a10 Exception <a 'sun/nio/fs/WindowsException'{0x0000000744229518}> (0x0000000744229518) 
thrown [s\src\hotspot\share\prims\jni.cpp, line 516]
Event: 1393.301 Thread 0x000001a8fd888a10 Exception <a 'sun/nio/fs/WindowsException'{0x0000000744229c40}> (0x0000000744229c40) 
thrown [s\src\hotspot\share\prims\jni.cpp, line 516]
Event: 1393.301 Thread 0x000001a8fd888a10 Exception <a 'sun/nio/fs/WindowsException'{0x000000074422a338}> (0x000000074422a338) 
thrown [s\src\hotspot\share\prims\jni.cpp, line 516]
Event: 1393.313 Thread 0x000001a8fd888a10 Exception <a 'java/io/FileNotFoundException'{0x0000000744275a38}> (0x0000000744275a38) 
thrown [s\src\hotspot\share\prims\jni.cpp, line 516]
Event: 1393.335 Thread 0x000001a8fd888a10 Exception <a 'java/io/FileNotFoundException'{0x000000074d6835f8}> (0x000000074d6835f8) 
thrown [s\src\hotspot\share\prims\jni.cpp, line 516]
Event: 1393.356 Thread 0x000001a8fd888a10 Exception <a 'sun/nio/fs/WindowsException'{0x00000007464b5980}> (0x00000007464b5980) 
thrown [s\src\hotspot\share\prims\jni.cpp, line 516]
Event: 1393.747 Thread 0x000001a8fd888a10 Exception <a 'sun/nio/fs/WindowsException'{0x00000007450e22c0}> (0x00000007450e22c0) 
thrown [s\src\hotspot\share\prims\jni.cpp, line 516]
Event: 1449.438 Thread 0x000001a8fd889d50 Exception <a 'java/lang/InterruptedException'{0x00000007463cd158}: sleep interrupted> (0x00000007463cd158) 
thrown [s\src\hotspot\share\prims\jvm.cpp, line 3070]

VM Operations (20 events):
Event: 1267.890 Executing VM operation: G1CollectForAllocation done
Event: 1268.416 Executing VM operation: HandshakeAllThreads
Event: 1268.416 Executing VM operation: HandshakeAllThreads done
Event: 1269.417 Executing VM operation: Cleanup
Event: 1269.417 Executing VM operation: Cleanup done
Event: 1282.772 Executing VM operation: G1CollectFull
Event: 1282.826 Executing VM operation: G1CollectFull done
Event: 1283.364 Executing VM operation: G1CollectForAllocation
Event: 1283.368 Executing VM operation: G1CollectForAllocation done
Event: 1284.281 Executing VM operation: G1CollectForAllocation
Event: 1284.293 Executing VM operation: G1CollectForAllocation done
Event: 1285.301 Executing VM operation: Cleanup
Event: 1285.301 Executing VM operation: Cleanup done
Event: 1392.817 Executing VM operation: G1CollectFull
Event: 1392.874 Executing VM operation: G1CollectFull done
Event: 1393.327 Executing VM operation: G1CollectForAllocation
Event: 1393.330 Executing VM operation: G1CollectForAllocation done
Event: 1393.883 Executing VM operation: G1CollectForAllocation
Event: 1393.889 Executing VM operation: G1CollectForAllocation done
Event: 1449.441 Executing VM operation: G1CollectFull

Events (20 events):
Event: 1399.454 Thread 0x000001a8fd8876d0 Thread exited: 0x000001a8fd8876d0
Event: 1449.118 Thread 0x000001a881f296c0 Thread added: 0x000001a881f296c0
Event: 1449.118 Thread 0x000001a8fd887200 Thread exited: 0x000001a8fd887200
Event: 1449.312 Thread 0x000001a881f2da20 Thread exited: 0x000001a881f2da20
Event: 1449.319 Thread 0x000001a881f291f0 Thread exited: 0x000001a881f291f0
Event: 1449.322 Thread 0x000001a8fd888070 Thread exited: 0x000001a8fd888070
Event: 1449.322 Thread 0x000001a8fd8893b0 Thread exited: 0x000001a8fd8893b0
Event: 1449.322 Thread 0x000001a881f2ed60 Thread exited: 0x000001a881f2ed60
Event: 1449.322 Thread 0x000001a881f2c6e0 Thread exited: 0x000001a881f2c6e0
Event: 1449.322 Thread 0x000001a881f28d20 Thread exited: 0x000001a881f28d20
Event: 1449.322 Thread 0x000001a881f2a530 Thread exited: 0x000001a881f2a530
Event: 1449.322 Thread 0x000001a881f2cbb0 Thread exited: 0x000001a881f2cbb0
Event: 1449.323 Thread 0x000001a881f2b3a0 Thread exited: 0x000001a881f2b3a0
Event: 1449.323 Thread 0x000001a881f2a060 Thread exited: 0x000001a881f2a060
Event: 1449.324 Thread 0x000001a881f279e0 Thread exited: 0x000001a881f279e0
Event: 1449.353 Thread 0x000001a881f2da20 Thread added: 0x000001a881f2da20
Event: 1449.353 Thread 0x000001a8fd886d30 Thread exited: 0x000001a8fd886d30
Event: 1449.392 Thread 0x000001a8fd887ba0 Thread exited: 0x000001a8fd887ba0
Event: 1449.434 Thread 0x000001a881f2da20 Thread exited: 0x000001a881f2da20
Event: 1449.440 Thread 0x000001a8fd889d50 Thread exited: 0x000001a8fd889d50


Dynamic libraries:
0x00007ff7598a0000 - 0x00007ff7598ae000 	C:\Users\joao pedro\Downloads\spring-tool-suite-4-4.16.0.RELEASE-e4.25.0-win32.win32.x86_64.self-extracting\contents\sts-4.16.0.RELEASE\plugins\org.eclipse.justj.openjdk.hotspot.jre.full.win32.x86_64_17.0.4.v20220903-1038\jre\bin\javaw.exe
0x00007ffbaa210000 - 0x00007ffbaa426000 	C:\WINDOWS\SYSTEM32\ntdll.dll
0x00007ffba99b0000 - 0x00007ffba9a74000 	C:\WINDOWS\System32\KERNEL32.DLL
0x00007ffba75a0000 - 0x00007ffba7947000 	C:\WINDOWS\System32\KERNELBASE.dll
0x00007ffba7950000 - 0x00007ffba7a61000 	C:\WINDOWS\System32\ucrtbase.dll
0x00007ffb98340000 - 0x00007ffb98358000 	C:\Users\joao pedro\Downloads\spring-tool-suite-4-4.16.0.RELEASE-e4.25.0-win32.win32.x86_64.self-extracting\contents\sts-4.16.0.RELEASE\plugins\org.eclipse.justj.openjdk.hotspot.jre.full.win32.x86_64_17.0.4.v20220903-1038\jre\bin\jli.dll
0x00007ffba88e0000 - 0x00007ffba8a8e000 	C:\WINDOWS\System32\USER32.dll
0x00007ffba7b30000 - 0x00007ffba7b56000 	C:\WINDOWS\System32\win32u.dll
0x00007ffba83a0000 - 0x00007ffba83c9000 	C:\WINDOWS\System32\GDI32.dll
0x00007ffb98320000 - 0x00007ffb98339000 	C:\Users\joao pedro\Downloads\spring-tool-suite-4-4.16.0.RELEASE-e4.25.0-win32.win32.x86_64.self-extracting\contents\sts-4.16.0.RELEASE\plugins\org.eclipse.justj.openjdk.hotspot.jre.full.win32.x86_64_17.0.4.v20220903-1038\jre\bin\VCRUNTIME140.dll
0x00007ffba7b60000 - 0x00007ffba7c79000 	C:\WINDOWS\System32\gdi32full.dll
0x00007ffba7c80000 - 0x00007ffba7d1a000 	C:\WINDOWS\System32\msvcp_win.dll
0x00007ffb89ce0000 - 0x00007ffb89f73000 	C:\WINDOWS\WinSxS\amd64_microsoft.windows.common-controls_6595b64144ccf1df_6.0.22621.3235_none_270f74e173860f98\COMCTL32.dll
0x00007ffba8a90000 - 0x00007ffba8b37000 	C:\WINDOWS\System32\msvcrt.dll
0x00007ffba8300000 - 0x00007ffba8331000 	C:\WINDOWS\System32\IMM32.DLL
0x00007ffb9e600000 - 0x00007ffb9e60c000 	C:\Users\joao pedro\Downloads\spring-tool-suite-4-4.16.0.RELEASE-e4.25.0-win32.win32.x86_64.self-extracting\contents\sts-4.16.0.RELEASE\plugins\org.eclipse.justj.openjdk.hotspot.jre.full.win32.x86_64_17.0.4.v20220903-1038\jre\bin\vcruntime140_1.dll
0x00007ffb661c0000 - 0x00007ffb66251000 	C:\Users\joao pedro\Downloads\spring-tool-suite-4-4.16.0.RELEASE-e4.25.0-win32.win32.x86_64.self-extracting\contents\sts-4.16.0.RELEASE\plugins\org.eclipse.justj.openjdk.hotspot.jre.full.win32.x86_64_17.0.4.v20220903-1038\jre\bin\msvcp140.dll
0x00007ffb4d320000 - 0x00007ffb4df66000 	C:\Users\joao pedro\Downloads\spring-tool-suite-4-4.16.0.RELEASE-e4.25.0-win32.win32.x86_64.self-extracting\contents\sts-4.16.0.RELEASE\plugins\org.eclipse.justj.openjdk.hotspot.jre.full.win32.x86_64_17.0.4.v20220903-1038\jre\bin\server\jvm.dll
0x00007ffba9e10000 - 0x00007ffba9ec2000 	C:\WINDOWS\System32\ADVAPI32.dll
0x00007ffba8830000 - 0x00007ffba88d8000 	C:\WINDOWS\System32\sechost.dll
0x00007ffba7500000 - 0x00007ffba7528000 	C:\WINDOWS\System32\bcrypt.dll
0x00007ffba9ed0000 - 0x00007ffba9fe5000 	C:\WINDOWS\System32\RPCRT4.dll
0x00007ffba8590000 - 0x00007ffba8598000 	C:\WINDOWS\System32\PSAPI.DLL
0x00007ffb89b10000 - 0x00007ffb89b19000 	C:\WINDOWS\SYSTEM32\WSOCK32.dll
0x00007ffb9b5b0000 - 0x00007ffb9b5e4000 	C:\WINDOWS\SYSTEM32\WINMM.dll
0x00007ffba85a0000 - 0x00007ffba8611000 	C:\WINDOWS\System32\WS2_32.dll
0x00007ffb99c20000 - 0x00007ffb99c2a000 	C:\WINDOWS\SYSTEM32\VERSION.dll
0x00007ffba6500000 - 0x00007ffba6518000 	C:\WINDOWS\SYSTEM32\kernel.appcore.dll
0x00007ffb92b60000 - 0x00007ffb92b6a000 	C:\Users\joao pedro\Downloads\spring-tool-suite-4-4.16.0.RELEASE-e4.25.0-win32.win32.x86_64.self-extracting\contents\sts-4.16.0.RELEASE\plugins\org.eclipse.justj.openjdk.hotspot.jre.full.win32.x86_64_17.0.4.v20220903-1038\jre\bin\jimage.dll
0x00007ffba1da0000 - 0x00007ffba1fd3000 	C:\WINDOWS\SYSTEM32\DBGHELP.DLL
0x00007ffba9a80000 - 0x00007ffba9e08000 	C:\WINDOWS\System32\combase.dll
0x00007ffba8220000 - 0x00007ffba82f7000 	C:\WINDOWS\System32\OLEAUT32.dll
0x00007ffb95a20000 - 0x00007ffb95a52000 	C:\WINDOWS\SYSTEM32\dbgcore.DLL
0x00007ffba7d20000 - 0x00007ffba7d99000 	C:\WINDOWS\System32\bcryptPrimitives.dll
0x00007ffb535f0000 - 0x00007ffb53615000 	C:\Users\joao pedro\Downloads\spring-tool-suite-4-4.16.0.RELEASE-e4.25.0-win32.win32.x86_64.self-extracting\contents\sts-4.16.0.RELEASE\plugins\org.eclipse.justj.openjdk.hotspot.jre.full.win32.x86_64_17.0.4.v20220903-1038\jre\bin\java.dll
0x00007ffb53140000 - 0x00007ffb53158000 	C:\Users\joao pedro\Downloads\spring-tool-suite-4-4.16.0.RELEASE-e4.25.0-win32.win32.x86_64.self-extracting\contents\sts-4.16.0.RELEASE\plugins\org.eclipse.justj.openjdk.hotspot.jre.full.win32.x86_64_17.0.4.v20220903-1038\jre\bin\zip.dll
0x00007ffba8bb0000 - 0x00007ffba940c000 	C:\WINDOWS\System32\SHELL32.dll
0x00007ffba5410000 - 0x00007ffba5d09000 	C:\WINDOWS\SYSTEM32\windows.storage.dll
0x00007ffba52d0000 - 0x00007ffba540e000 	C:\WINDOWS\SYSTEM32\wintypes.dll
0x00007ffba7f10000 - 0x00007ffba8003000 	C:\WINDOWS\System32\SHCORE.dll
0x00007ffba8420000 - 0x00007ffba847e000 	C:\WINDOWS\System32\shlwapi.dll
0x00007ffba7430000 - 0x00007ffba7451000 	C:\WINDOWS\SYSTEM32\profapi.dll
0x00007ffb53020000 - 0x00007ffb53039000 	C:\Users\joao pedro\Downloads\spring-tool-suite-4-4.16.0.RELEASE-e4.25.0-win32.win32.x86_64.self-extracting\contents\sts-4.16.0.RELEASE\plugins\org.eclipse.justj.openjdk.hotspot.jre.full.win32.x86_64_17.0.4.v20220903-1038\jre\bin\net.dll
0x00007ffb9c400000 - 0x00007ffb9c536000 	C:\WINDOWS\SYSTEM32\WINHTTP.dll
0x00007ffba6970000 - 0x00007ffba69d9000 	C:\WINDOWS\system32\mswsock.dll
0x00007ffb524b0000 - 0x00007ffb524c5000 	C:\Users\joao pedro\Downloads\spring-tool-suite-4-4.16.0.RELEASE-e4.25.0-win32.win32.x86_64.self-extracting\contents\sts-4.16.0.RELEASE\plugins\org.eclipse.justj.openjdk.hotspot.jre.full.win32.x86_64_17.0.4.v20220903-1038\jre\bin\nio.dll
0x00007ffb9e5e0000 - 0x00007ffb9e5e9000 	C:\Users\joao pedro\Downloads\spring-tool-suite-4-4.16.0.RELEASE-e4.25.0-win32.win32.x86_64.self-extracting\contents\sts-4.16.0.RELEASE\plugins\org.eclipse.justj.openjdk.hotspot.jre.full.win32.x86_64_17.0.4.v20220903-1038\jre\bin\management.dll
0x00007ffb9b760000 - 0x00007ffb9b76b000 	C:\Users\joao pedro\Downloads\spring-tool-suite-4-4.16.0.RELEASE-e4.25.0-win32.win32.x86_64.self-extracting\contents\sts-4.16.0.RELEASE\plugins\org.eclipse.justj.openjdk.hotspot.jre.full.win32.x86_64_17.0.4.v20220903-1038\jre\bin\management_ext.dll
0x00007ffb84de0000 - 0x00007ffb84df7000 	C:\WINDOWS\system32\napinsp.dll
0x00007ffb82710000 - 0x00007ffb8272b000 	C:\WINDOWS\system32\pnrpnsp.dll
0x00007ffba6030000 - 0x00007ffba6129000 	C:\WINDOWS\SYSTEM32\DNSAPI.dll
0x00007ffba5fb0000 - 0x00007ffba5fdd000 	C:\WINDOWS\SYSTEM32\IPHLPAPI.DLL
0x00007ffba8800000 - 0x00007ffba8809000 	C:\WINDOWS\System32\NSI.dll
0x00007ffb826f0000 - 0x00007ffb82701000 	C:\WINDOWS\System32\winrnr.dll
0x00007ffb99cc0000 - 0x00007ffb99cd5000 	C:\WINDOWS\system32\wshbth.dll
0x00007ffb826c0000 - 0x00007ffb826e1000 	C:\WINDOWS\system32\nlansp_c.dll
0x00007ffb99950000 - 0x00007ffb9995a000 	C:\Windows\System32\rasadhlp.dll
0x00007ffb99b10000 - 0x00007ffb99b93000 	C:\WINDOWS\System32\fwpuclnt.dll
0x00007ffba6c10000 - 0x00007ffba6c2b000 	C:\WINDOWS\SYSTEM32\CRYPTSP.dll
0x00007ffba6460000 - 0x00007ffba6495000 	C:\WINDOWS\system32\rsaenh.dll
0x00007ffba6a90000 - 0x00007ffba6ab8000 	C:\WINDOWS\SYSTEM32\USERENV.dll
0x00007ffba6c30000 - 0x00007ffba6c3c000 	C:\WINDOWS\SYSTEM32\CRYPTBASE.dll
0x00007ffb9c300000 - 0x00007ffb9c319000 	C:\WINDOWS\SYSTEM32\dhcpcsvc6.DLL
0x00007ffb9c2e0000 - 0x00007ffb9c2ff000 	C:\WINDOWS\SYSTEM32\dhcpcsvc.DLL
0x00007ffb9f2f0000 - 0x00007ffb9f2fe000 	C:\Users\joao pedro\Downloads\spring-tool-suite-4-4.16.0.RELEASE-e4.25.0-win32.win32.x86_64.self-extracting\contents\sts-4.16.0.RELEASE\plugins\org.eclipse.justj.openjdk.hotspot.jre.full.win32.x86_64_17.0.4.v20220903-1038\jre\bin\sunmscapi.dll
0x00007ffba7da0000 - 0x00007ffba7f07000 	C:\WINDOWS\System32\CRYPT32.dll
0x00007ffba6db0000 - 0x00007ffba6dde000 	C:\WINDOWS\SYSTEM32\ncrypt.dll
0x00007ffba6d70000 - 0x00007ffba6da7000 	C:\WINDOWS\SYSTEM32\NTASN1.dll
0x00007ffb9a500000 - 0x00007ffb9a510000 	C:\Users\joao pedro\Downloads\spring-tool-suite-4-4.16.0.RELEASE-e4.25.0-win32.win32.x86_64.self-extracting\contents\sts-4.16.0.RELEASE\plugins\org.eclipse.justj.openjdk.hotspot.jre.full.win32.x86_64_17.0.4.v20220903-1038\jre\bin\verify.dll
0x00007ffb9f320000 - 0x00007ffb9f328000 	C:\WINDOWS\system32\wshunix.dll

dbghelp: loaded successfully - version: 4.0.5 - missing functions: none
symbol engine: initialized successfully - sym options: 0x614 - pdb path: .;C:\Users\joao pedro\Downloads\spring-tool-suite-4-4.16.0.RELEASE-e4.25.0-win32.win32.x86_64.self-extracting\contents\sts-4.16.0.RELEASE\plugins\org.eclipse.justj.openjdk.hotspot.jre.full.win32.x86_64_17.0.4.v20220903-1038\jre\bin;C:\WINDOWS\SYSTEM32;C:\WINDOWS\WinSxS\amd64_microsoft.windows.common-controls_6595b64144ccf1df_6.0.22621.3235_none_270f74e173860f98;C:\Users\joao pedro\Downloads\spring-tool-suite-4-4.16.0.RELEASE-e4.25.0-win32.win32.x86_64.self-extracting\contents\sts-4.16.0.RELEASE\plugins\org.eclipse.justj.openjdk.hotspot.jre.full.win32.x86_64_17.0.4.v20220903-1038\jre\bin\server

VM Arguments:
jvm_args: -Dcom.sun.management.jmxremote -Dcom.sun.management.jmxremote.port=63885 -Dcom.sun.management.jmxremote.authenticate=false -Dcom.sun.management.jmxremote.ssl=false -Djava.rmi.server.hostname=localhost -Dspring.jmx.enabled=true -Dspring.application.admin.enabled=true -XX:TieredStopAtLevel=1 -Dspring.boot.project.name=dscatalog-backend -Dfile.encoding=UTF-8 -XX:+ShowCodeDetailsInExceptionMessages 
java_command: com.jptech.dscatalogbackend.DscatalogBackendApplication --spring.output.ansi.enabled=always
java_class_path (initial): C:\Users\joao pedro\Documents\workspace-spring-tool-suite-4-4.16.0.RELEASE\dscatalog\dscatalog-backend\target\classes;C:\Users\joao pedro\.m2\repository\org\springframework\boot\spring-boot-starter-data-jpa\3.2.5\spring-boot-starter-data-jpa-3.2.5.jar;C:\Users\joao pedro\.m2\repository\org\springframework\boot\spring-boot-starter-aop\3.2.5\spring-boot-starter-aop-3.2.5.jar;C:\Users\joao pedro\.m2\repository\org\aspectj\aspectjweaver\1.9.22\aspectjweaver-1.9.22.jar;C:\Users\joao pedro\.m2\repository\org\springframework\boot\spring-boot-starter-jdbc\3.2.5\spring-boot-starter-jdbc-3.2.5.jar;C:\Users\joao pedro\.m2\repository\com\zaxxer\HikariCP\5.0.1\HikariCP-5.0.1.jar;C:\Users\joao pedro\.m2\repository\org\springframework\spring-jdbc\6.1.6\spring-jdbc-6.1.6.jar;C:\Users\joao pedro\.m2\repository\org\hibernate\orm\hibernate-core\6.4.4.Final\hibernate-core-6.4.4.Final.jar;C:\Users\joao pedro\.m2\repository\jakarta\persistence\jakarta.persistence-api\3.1.0\jakarta.persistence-api-3.1.0.jar;C:\Users\joao pedro\.m2\repository\jakarta\transaction\jakarta.transaction-api\2.0.1\jakarta.transaction-api-2.0.1.jar;C:\Users\joao pedro\.m2\repository\org\jboss\logging\jboss-logging\3.5.3.Final\jboss-logging-3.5.3.Final.jar;C:\Users\joao pedro\.m2\repository\org\hibernate\common\hibernate-commons-annotations\6.0.6.Final\hibernate-commons-annotations-6.0.6.Final.jar;C:\Users\joao pedro\.m2\repository\io\smallrye\jandex\3.1.2\jandex-3.1.2.jar;C:\Users\joao pedro\.m2\repository\com\fasterxml\classmate\1.6.0\classmate-1.6.0.jar;C:\Users\joao pedro\.m2\repository\net\bytebuddy\byte-buddy\1.14.13\byte-buddy-1.14.13.jar;C:\Users\joao pedro\.m2\repository\org\glassfish\jaxb\jaxb-runtime\4.0.5\jaxb-runtime-4.0.5.jar;C:\Users\joao pedro\.m2\repository\org\glassfish\jaxb\jaxb-core\4.0.5\jaxb-core-4.0.5.jar;C:\Users\joao pedro\.m2\repository\org\glassfish\jaxb\txw2\4.0.5\txw2-4.0.5.jar;C:\Users\joao pedro\.m2\repository\com\sun\istack\istack-commons-runtime\4.1.2\i
Launcher Type: SUN_STANDARD

[Global flags]
     intx CICompilerCount                          = 3                                         {product} {ergonomic}
     uint ConcGCThreads                            = 1                                         {product} {ergonomic}
     uint G1ConcRefinementThreads                  = 4                                         {product} {ergonomic}
   size_t G1HeapRegionSize                         = 2097152                                   {product} {ergonomic}
    uintx GCDrainStackTargetSize                   = 64                                        {product} {ergonomic}
   size_t InitialHeapSize                          = 201326592                                 {product} {ergonomic}
     bool ManagementServer                         = true                                      {product} {command line}
   size_t MarkStackSize                            = 4194304                                   {product} {ergonomic}
   size_t MaxHeapSize                              = 3196059648                                {product} {ergonomic}
   size_t MaxNewSize                               = 1916796928                                {product} {ergonomic}
   size_t MinHeapDeltaBytes                        = 2097152                                   {product} {ergonomic}
   size_t MinHeapSize                              = 8388608                                   {product} {ergonomic}
    uintx NonProfiledCodeHeapSize                  = 0                                      {pd product} {ergonomic}
     bool ProfileInterpreter                       = false                                  {pd product} {command line}
    uintx ProfiledCodeHeapSize                     = 0                                      {pd product} {ergonomic}
     bool ShowCodeDetailsInExceptionMessages       = true                                   {manageable} {command line}
   size_t SoftMaxHeapSize                          = 3196059648                             {manageable} {ergonomic}
     intx TieredStopAtLevel                        = 1                                         {product} {command line}
     bool UseCompressedClassPointers               = true                           {product lp64_product} {ergonomic}
     bool UseCompressedOops                        = true                           {product lp64_product} {ergonomic}
     bool UseG1GC                                  = true                                      {product} {ergonomic}
     bool UseLargePagesIndividualAllocation        = false                                  {pd product} {ergonomic}

Logging:
Log output configuration:
 #0: stdout all=warning uptime,level,tags
 #1: stderr all=off uptime,level,tags

Environment Variables:
JAVA_HOME=C:\Program Files\Java\jdk-11.0.11
CLASSPATH=.;C:\Program Files\Java\jdk-11.0.11\lib
PATH=C:/Users/joao pedro/Downloads/spring-tool-suite-4-4.16.0.RELEASE-e4.25.0-win32.win32.x86_64.self-extracting/contents/sts-4.16.0.RELEASE//plugins/org.eclipse.justj.openjdk.hotspot.jre.full.win32.x86_64_17.0.4.v20220903-1038/jre/bin/server;C:/Users/joao pedro/Downloads/spring-tool-suite-4-4.16.0.RELEASE-e4.25.0-win32.win32.x86_64.self-extracting/contents/sts-4.16.0.RELEASE//plugins/org.eclipse.justj.openjdk.hotspot.jre.full.win32.x86_64_17.0.4.v20220903-1038/jre/bin;C:\Users\joao pedro\AppData\Local\Programas\Python\Python38\Scripts;C:\Users\joao pedro\AppData\Local\Programas\Python\Python38;C:\Program Files\Microsoft MPI\Bin\;C:\Program Files\Java\jdk-11.0.11;C:\Program Files\Java\jdk-11.0.11\bin;C:\Program Files\Common Files\Oracle\Java\javapath;C:\Program Files (x86)\Common Files\Oracle\Java\java8path;C:\Program Files (x86)\Common Files\Oracle\Java\javapath;C:\WINDOWS\system32;C:\WINDOWS;C:\WINDOWS\System32\Wbem;C:\WINDOWS\System32\WindowsPowerShell\v1.0\;C:\WINDOWS\System32\OpenSSH\;C:\Program Files\Java\jdk-11.0.11\bin;C:\apache-maven-3.8.6\bin;C:\Program Files\Git\cmd;C:\Program Files (x86)\Microsoft SQL Server\150\Tools\Binn\;C:\Program Files\Microsoft SQL Server\150\Tools\Binn\;C:\Program Files (x86)\Microsoft SQL Server\150\DTS\Binn\;C:\Program Files\Microsoft SQL Server\150\DTS\Binn\;C:\Program Files\Microsoft SQL Server\Client SDK\ODBC\170\Tools\Binn\;C:\Program Files\nodejs\;C:\Program Files\Docker\Docker\resources\bin;C:\Users\joao pedro\AppData\Local\Programas\Python\Python38\Scripts\;C:\Users\joao pedro\AppData\Local\Programas\Python\Python38\;C:\Users\joao pedro\AppData\Local\Microsoft\WindowsApps;;C:\Program Files\heroku\bin;C:\Program Files\Azure Data Studio\bin;C:\Users\joao pedro\AppData\Local\Programs\Microsoft VS Code\bin;C:\Users\joao pedro\AppData\Roaming\npm;C:\Users\joao pedro\Downloads\spring-tool-suite-4-4.16.0.RELEASE-e4.25.0-win32.win32.x86_64.self-extracting\contents\sts-4.16.0.RELEASE;
USERNAME=joao pedro
OS=Windows_NT
PROCESSOR_IDENTIFIER=Intel64 Family 6 Model 142 Stepping 10, GenuineIntel
TMP=C:\Users\JOAOPE~1\AppData\Local\Temp
TEMP=C:\Users\JOAOPE~1\AppData\Local\Temp



---------------  S Y S T E M  ---------------

OS:
 Windows 11 , 64 bit Build 22621 (10.0.22621.3374)
OS uptime: 13 days 22:30 hours
Hyper-V role detected

CPU: total 4 (initial active 4) (2 cores per cpu, 2 threads per core) family 6 model 142 stepping 10 microcode 0xf4, cx8, cmov, fxsr, ht, mmx, 3dnowpref, sse, sse2, sse3, ssse3, sse4.1, sse4.2, popcnt, lzcnt, tsc, tscinvbit, avx, avx2, aes, erms, clmul, bmi1, bmi2, adx, fma, vzeroupper, clflush, clflushopt, hv

Memory: 4k page, system-wide physical 12188M (618M free)
TotalPageFile size 24476M (AvailPageFile size 1M)
current process WorkingSet (physical memory assigned to process): 233M, peak: 242M
current process commit charge ("private bytes"): 266M, peak: 290M

vm_info: OpenJDK 64-Bit Server VM (17.0.4.1+1) for windows-amd64 JRE (17.0.4.1+1), built on Aug 17 2022 07:42:43 by "temurin" with MS VC++ 16.7 (VS2019)

END.
